mode: set
github.com/vishwanathj/protovnfdparser/pkg/utils/utils.go:39.13,44.29 4 1
github.com/vishwanathj/protovnfdparser/pkg/utils/utils.go:44.29,51.3 6 0
github.com/vishwanathj/protovnfdparser/pkg/utils/utils.go:51.8,58.3 6 1
github.com/vishwanathj/protovnfdparser/pkg/utils/utils.go:63.46,68.2 4 1
github.com/vishwanathj/protovnfdparser/pkg/utils/utils.go:72.53,77.2 4 1
github.com/vishwanathj/protovnfdparser/pkg/utils/utils.go:81.64,86.2 4 1
github.com/vishwanathj/protovnfdparser/pkg/utils/utils.go:91.38,94.14 3 1
github.com/vishwanathj/protovnfdparser/pkg/utils/utils.go:97.2,98.14 2 1
github.com/vishwanathj/protovnfdparser/pkg/utils/utils.go:101.2,103.121 2 1
github.com/vishwanathj/protovnfdparser/pkg/utils/utils.go:94.14,96.3 1 0
github.com/vishwanathj/protovnfdparser/pkg/utils/utils.go:98.14,100.3 1 0
github.com/vishwanathj/protovnfdparser/pkg/utils/utils.go:110.92,113.16 3 1
github.com/vishwanathj/protovnfdparser/pkg/utils/utils.go:117.2,120.16 3 1
github.com/vishwanathj/protovnfdparser/pkg/utils/utils.go:124.2,124.177 1 1
github.com/vishwanathj/protovnfdparser/pkg/utils/utils.go:113.16,115.3 1 0
github.com/vishwanathj/protovnfdparser/pkg/utils/utils.go:120.16,122.3 1 0
github.com/vishwanathj/protovnfdparser/pkg/utils/utils.go:130.60,134.39 4 1
github.com/vishwanathj/protovnfdparser/pkg/utils/utils.go:139.2,139.13 1 1
github.com/vishwanathj/protovnfdparser/pkg/utils/utils.go:134.39,136.3 1 1
github.com/vishwanathj/protovnfdparser/pkg/utils/utils.go:136.8,138.3 1 1
github.com/vishwanathj/protovnfdparser/pkg/utils/utils.go:144.83,148.60 4 1
github.com/vishwanathj/protovnfdparser/pkg/utils/utils.go:154.2,156.19 3 1
github.com/vishwanathj/protovnfdparser/pkg/utils/utils.go:148.60,150.3 1 0
github.com/vishwanathj/protovnfdparser/pkg/utils/utils.go:150.8,152.3 1 1
github.com/vishwanathj/protovnfdparser/pkg/utils/utils.go:160.78,166.16 3 1
github.com/vishwanathj/protovnfdparser/pkg/utils/utils.go:171.2,175.22 4 1
github.com/vishwanathj/protovnfdparser/pkg/utils/utils.go:166.16,169.3 2 0
github.com/vishwanathj/protovnfdparser/pkg/models/pagination.go:31.118,35.19 3 1
github.com/vishwanathj/protovnfdparser/pkg/models/pagination.go:42.2,42.24 1 1
github.com/vishwanathj/protovnfdparser/pkg/models/pagination.go:35.19,37.53 2 1
github.com/vishwanathj/protovnfdparser/pkg/models/pagination.go:37.53,40.4 2 1
github.com/vishwanathj/protovnfdparser/pkg/models/pagination.go:46.131,51.19 4 1
github.com/vishwanathj/protovnfdparser/pkg/models/pagination.go:58.2,58.24 1 1
github.com/vishwanathj/protovnfdparser/pkg/models/pagination.go:51.19,53.53 2 1
github.com/vishwanathj/protovnfdparser/pkg/models/pagination.go:53.53,56.4 2 1
github.com/vishwanathj/protovnfdparser/pkg/models/vnfd.go:53.44,58.2 4 0
