mode: set
github.com/vishwanathj/protovnfdparser/pkg/mongo/session.go:13.47,15.16 2 1
github.com/vishwanathj/protovnfdparser/pkg/mongo/session.go:18.2,18.31 1 1
github.com/vishwanathj/protovnfdparser/pkg/mongo/session.go:15.16,17.3 1 1
github.com/vishwanathj/protovnfdparser/pkg/mongo/session.go:22.35,24.2 1 0
github.com/vishwanathj/protovnfdparser/pkg/mongo/session.go:27.72,29.2 1 1
github.com/vishwanathj/protovnfdparser/pkg/mongo/session.go:32.27,33.22 1 1
github.com/vishwanathj/protovnfdparser/pkg/mongo/session.go:33.22,35.3 1 1
github.com/vishwanathj/protovnfdparser/pkg/mongo/session.go:39.49,45.2 1 1
github.com/vishwanathj/protovnfdparser/pkg/mongo/mgo_vnfd_model.go:50.36,58.2 1 1
github.com/vishwanathj/protovnfdparser/pkg/mongo/mgo_vnfd_model.go:60.51,69.2 1 1
github.com/vishwanathj/protovnfdparser/pkg/mongo/mgo_vnfd_model.go:71.51,80.2 1 1
github.com/vishwanathj/protovnfdparser/pkg/mongo/mongodal.go:23.72,24.30 1 1
github.com/vishwanathj/protovnfdparser/pkg/mongo/mongodal.go:27.2,29.16 3 1
github.com/vishwanathj/protovnfdparser/pkg/mongo/mongodal.go:33.2,40.19 4 1
github.com/vishwanathj/protovnfdparser/pkg/mongo/mongodal.go:24.30,25.34 1 0
github.com/vishwanathj/protovnfdparser/pkg/mongo/mongodal.go:29.16,31.3 1 0
github.com/vishwanathj/protovnfdparser/pkg/mongo/mongodal.go:44.57,46.2 1 1
github.com/vishwanathj/protovnfdparser/pkg/mongo/mongodal.go:49.77,51.2 1 0
github.com/vishwanathj/protovnfdparser/pkg/mongo/mongodal.go:54.56,58.2 2 1
github.com/vishwanathj/protovnfdparser/pkg/mongo/mongodal.go:60.70,63.16 3 1
github.com/vishwanathj/protovnfdparser/pkg/mongo/mongodal.go:67.2,67.36 1 1
github.com/vishwanathj/protovnfdparser/pkg/mongo/mongodal.go:63.16,66.3 1 0
github.com/vishwanathj/protovnfdparser/pkg/mongo/mongodal.go:70.74,73.16 3 1
github.com/vishwanathj/protovnfdparser/pkg/mongo/mongodal.go:77.2,77.36 1 1
github.com/vishwanathj/protovnfdparser/pkg/mongo/mongodal.go:73.16,76.3 1 0
github.com/vishwanathj/protovnfdparser/pkg/mongo/mongodal.go:80.82,83.17 2 1
github.com/vishwanathj/protovnfdparser/pkg/mongo/mongodal.go:93.2,94.16 2 1
github.com/vishwanathj/protovnfdparser/pkg/mongo/mongodal.go:99.2,100.34 2 1
github.com/vishwanathj/protovnfdparser/pkg/mongo/mongodal.go:105.2,105.34 1 1
github.com/vishwanathj/protovnfdparser/pkg/mongo/mongodal.go:83.17,86.3 1 1
github.com/vishwanathj/protovnfdparser/pkg/mongo/mongodal.go:86.8,90.3 1 0
github.com/vishwanathj/protovnfdparser/pkg/mongo/mongodal.go:94.16,96.3 1 0
github.com/vishwanathj/protovnfdparser/pkg/mongo/mongodal.go:100.34,103.3 2 1
