mode: set
github.com/vishwanathj/golangexercises/go_web_server/pkg/mongo/mgo_vnfd_model.go:50.36,58.2 1 1
github.com/vishwanathj/golangexercises/go_web_server/pkg/mongo/mgo_vnfd_model.go:60.51,69.2 1 1
github.com/vishwanathj/golangexercises/go_web_server/pkg/mongo/mgo_vnfd_model.go:71.51,80.2 1 1
github.com/vishwanathj/golangexercises/go_web_server/pkg/mongo/mongodal.go:19.106,21.16 2 1
github.com/vishwanathj/golangexercises/go_web_server/pkg/mongo/mongodal.go:25.2,32.19 4 1
github.com/vishwanathj/golangexercises/go_web_server/pkg/mongo/mongodal.go:21.16,23.3 1 0
github.com/vishwanathj/golangexercises/go_web_server/pkg/mongo/mongodal.go:36.57,38.2 1 1
github.com/vishwanathj/golangexercises/go_web_server/pkg/mongo/mongodal.go:41.77,43.2 1 0
github.com/vishwanathj/golangexercises/go_web_server/pkg/mongo/mongodal.go:46.56,50.2 2 1
github.com/vishwanathj/golangexercises/go_web_server/pkg/mongo/mongodal.go:52.70,55.16 3 1
github.com/vishwanathj/golangexercises/go_web_server/pkg/mongo/mongodal.go:59.2,59.36 1 1
github.com/vishwanathj/golangexercises/go_web_server/pkg/mongo/mongodal.go:55.16,58.3 1 0
github.com/vishwanathj/golangexercises/go_web_server/pkg/mongo/mongodal.go:62.74,65.16 3 1
github.com/vishwanathj/golangexercises/go_web_server/pkg/mongo/mongodal.go:69.2,69.36 1 1
github.com/vishwanathj/golangexercises/go_web_server/pkg/mongo/mongodal.go:65.16,68.3 1 0
github.com/vishwanathj/golangexercises/go_web_server/pkg/mongo/mongodal.go:72.82,75.17 2 1
github.com/vishwanathj/golangexercises/go_web_server/pkg/mongo/mongodal.go:85.2,86.16 2 1
github.com/vishwanathj/golangexercises/go_web_server/pkg/mongo/mongodal.go:91.2,92.34 2 1
github.com/vishwanathj/golangexercises/go_web_server/pkg/mongo/mongodal.go:97.2,97.34 1 1
github.com/vishwanathj/golangexercises/go_web_server/pkg/mongo/mongodal.go:75.17,78.3 1 1
github.com/vishwanathj/golangexercises/go_web_server/pkg/mongo/mongodal.go:78.8,82.3 1 0
github.com/vishwanathj/golangexercises/go_web_server/pkg/mongo/mongodal.go:86.16,88.3 1 0
github.com/vishwanathj/golangexercises/go_web_server/pkg/mongo/mongodal.go:92.34,95.3 2 1
github.com/vishwanathj/golangexercises/go_web_server/pkg/mongo/session.go:13.47,16.16 2 1
github.com/vishwanathj/golangexercises/go_web_server/pkg/mongo/session.go:19.2,19.31 1 1
github.com/vishwanathj/golangexercises/go_web_server/pkg/mongo/session.go:16.16,18.3 1 1
github.com/vishwanathj/golangexercises/go_web_server/pkg/mongo/session.go:23.35,25.2 1 0
github.com/vishwanathj/golangexercises/go_web_server/pkg/mongo/session.go:28.72,30.2 1 1
github.com/vishwanathj/golangexercises/go_web_server/pkg/mongo/session.go:33.27,34.22 1 1
github.com/vishwanathj/golangexercises/go_web_server/pkg/mongo/session.go:34.22,36.3 1 1
github.com/vishwanathj/golangexercises/go_web_server/pkg/mongo/session.go:40.49,46.2 1 1
